<?xml version="1.0" encoding="UTF-8"?>
<testng-results skipped="0" failed="0" ignored="16" total="20" passed="4">
  <reporter-output>
  </reporter-output>
  <suite name="SeleniumKeywordDrivenPOMFramework1" duration-ms="94" started-at="2018-06-09T16:52:37Z" finished-at="2018-06-09T16:52:37Z">
    <groups>
      <group name="data">
        <method signature="ParametrizedTest.parametrizedTestMultiValue(java.lang.String, java.lang.String)[pri:0, instance:com.tests.ParametrizedTest@20398b7c]" name="parametrizedTestMultiValue" class="com.tests.ParametrizedTest"/>
      </group> <!-- data -->
      <group name="xml">
        <method signature="ParametrizedTest.parametrizedTest(int, int)[pri:0, instance:com.tests.ParametrizedTest@20398b7c]" name="parametrizedTest" class="com.tests.ParametrizedTest"/>
      </group> <!-- xml -->
    </groups>
    <test name="Regression1" duration-ms="94" started-at="2018-06-09T16:52:37Z" finished-at="2018-06-09T16:52:37Z">
      <class name="com.tests.ParametrizedTest">
        <test-method status="PASS" signature="parametrizedTest(int, int)[pri:0, instance:com.tests.ParametrizedTest@20398b7c]" name="parametrizedTest" duration-ms="15" started-at="2018-06-09T22:22:37Z" finished-at="2018-06-09T22:22:37Z">
          <params>
            <param index="0">
              <value>
                <![CDATA[1]]>
              </value>
            </param>
            <param index="1">
              <value>
                <![CDATA[7]]>
              </value>
            </param>
          </params>
          <reporter-output>
          </reporter-output>
        </test-method> <!-- parametrizedTest -->
        <test-method status="PASS" signature="parametrizedTestMultiValue(java.lang.String, java.lang.String)[pri:0, instance:com.tests.ParametrizedTest@20398b7c]" name="parametrizedTestMultiValue" duration-ms="0" started-at="2018-06-09T22:22:37Z" data-provider="getData" finished-at="2018-06-09T22:22:37Z">
          <params>
            <param index="0">
              <value>
                <![CDATA[6]]>
              </value>
            </param>
            <param index="1">
              <value is-null="true"/>
            </param>
          </params>
          <reporter-output>
          </reporter-output>
        </test-method> <!-- parametrizedTestMultiValue -->
        <test-method status="PASS" signature="parametrizedTestMultiValue(java.lang.String, java.lang.String)[pri:0, instance:com.tests.ParametrizedTest@20398b7c]" name="parametrizedTestMultiValue" duration-ms="0" started-at="2018-06-09T22:22:37Z" data-provider="getData" finished-at="2018-06-09T22:22:37Z">
          <params>
            <param index="0">
              <value>
                <![CDATA[5]]>
              </value>
            </param>
            <param index="1">
              <value is-null="true"/>
            </param>
          </params>
          <reporter-output>
          </reporter-output>
        </test-method> <!-- parametrizedTestMultiValue -->
        <test-method status="PASS" signature="parametrizedTestMultiValue(java.lang.String, java.lang.String)[pri:0, instance:com.tests.ParametrizedTest@20398b7c]" name="parametrizedTestMultiValue" duration-ms="0" started-at="2018-06-09T22:22:37Z" data-provider="getData" finished-at="2018-06-09T22:22:37Z">
          <params>
            <param index="0">
              <value>
                <![CDATA[7]]>
              </value>
            </param>
            <param index="1">
              <value is-null="true"/>
            </param>
          </params>
          <reporter-output>
          </reporter-output>
        </test-method> <!-- parametrizedTestMultiValue -->
      </class> <!-- com.tests.ParametrizedTest -->
    </test> <!-- Regression1 -->
  </suite> <!-- SeleniumKeywordDrivenPOMFramework1 -->
</testng-results>
