<?xml version="1.0" encoding="UTF-8"?>
<!-- Generated by org.testng.reporters.JUnitXMLReporter -->
<testsuite hostname="DEL1-LHP-N01072" ignored="16" name="Regression1" tests="4" failures="0" timestamp="09 Jun 2018 16:52:38 GMT" time="0.094" errors="0">
  <testcase name="parametrizedTest" time="0.015" classname="com.tests.ParametrizedTest"/>
  <testcase name="parametrizedTestMultiValue" time="0.0" classname="com.tests.ParametrizedTest"/>
  <testcase name="parametrizedTestMultiValue" time="0.0" classname="com.tests.ParametrizedTest"/>
  <testcase name="parametrizedTestMultiValue" time="0.0" classname="com.tests.ParametrizedTest"/>
  <testcase name="testa" time="0.0" classname="com.tests.TestNGXMLTest1">
    <ignored/>
  </testcase> <!-- testa -->
  <testcase name="mixImplicitExplicitWaitNotFoundTest2" time="0.0" classname="com.tests.FluentWaitExample">
    <ignored/>
  </testcase> <!-- mixImplicitExplicitWaitNotFoundTest2 -->
  <testcase name="testa" time="0.0" classname="com.tests.TestNGXMLTest2">
    <ignored/>
  </testcase> <!-- testa -->
  <testcase name="VerifyUserIsAbleToLogin" time="0.0" classname="com.tests.SeleniumNewTab">
    <ignored/>
  </testcase> <!-- VerifyUserIsAbleToLogin -->
  <testcase name="mixImplicitExplicitWaitNotFound" time="0.0" classname="com.tests.MixImplicitExplicitWait">
    <ignored/>
  </testcase> <!-- mixImplicitExplicitWaitNotFound -->
  <testcase name="mixImplicitExplicitWaitNotFoundTest2" time="0.0" classname="com.tests.MixImplicitExplicitWait">
    <ignored/>
  </testcase> <!-- mixImplicitExplicitWaitNotFoundTest2 -->
  <testcase name="VerifyUserIsAbleToLogin" time="0.0" classname="com.tests.AttachingExistingBrowser">
    <ignored/>
  </testcase> <!-- VerifyUserIsAbleToLogin -->
  <testcase name="testg" time="0.0" classname="com.tests.TestNGXMLTest3">
    <ignored/>
  </testcase> <!-- testg -->
  <testcase name="testf" time="0.0" classname="com.tests.TestNGXMLTest1">
    <ignored/>
  </testcase> <!-- testf -->
  <testcase name="testh" time="0.0" classname="com.tests.TestNGXMLTest3">
    <ignored/>
  </testcase> <!-- testh -->
  <testcase name="testc" time="0.0" classname="com.tests.TestNGXMLTest1">
    <ignored/>
  </testcase> <!-- testc -->
  <testcase name="testd" time="0.0" classname="com.tests.TestNGXMLTest2">
    <ignored/>
  </testcase> <!-- testd -->
  <testcase name="mixImplicitExplicitWaitImmediateFound" time="0.0" classname="com.tests.MixImplicitExplicitWait">
    <ignored/>
  </testcase> <!-- mixImplicitExplicitWaitImmediateFound -->
  <testcase name="readPropertiesUsingFileInputStream" time="0.0" classname="com.tests.ReadPropertiesFile">
    <ignored/>
  </testcase> <!-- readPropertiesUsingFileInputStream -->
  <testcase name="testb" time="0.0" classname="com.tests.TestNGXMLTest1">
    <ignored/>
  </testcase> <!-- testb -->
  <testcase name="teste" time="0.0" classname="com.tests.TestNGXMLTest2">
    <ignored/>
  </testcase> <!-- teste -->
</testsuite> <!-- Regression1 -->
