<?xml version="1.0" encoding="UTF-8"?>
<!-- Generated by org.testng.reporters.JUnitXMLReporter -->
<testsuite hostname="DEL1-LHP-N01072" ignored="1" name="Regression2" tests="1" failures="0" timestamp="09 Jun 2018 16:23:02 GMT" time="0.032" errors="0">
  <testcase name="parametrizedTest" time="0.016" classname="com.tests.ParametrizedTest"/>
  <testcase name="parametrizedTestMultiValue" time="0.0" classname="com.tests.ParametrizedTest">
    <ignored/>
  </testcase> <!-- parametrizedTestMultiValue -->
</testsuite> <!-- Regression2 -->
